[2024-06-07T14:39:30.145+0000] {manager.py:470} INFO - Processing files using up to 2 processes at a time 
[2024-06-07T14:39:30.147+0000] {manager.py:471} INFO - Process each file at most once every 10 seconds
[2024-06-07T14:39:30.148+0000] {manager.py:472} INFO - Checking for new files in /opt/airflow/dags every 300 seconds
[2024-06-07T14:39:30.149+0000] {manager.py:737} INFO - Searching for files in /opt/airflow/dags
[2024-06-07T14:39:30.260+0000] {manager.py:740} INFO - There are 3 files in /opt/airflow/dags
[2024-06-07T14:39:31.678+0000] {manager.py:878} INFO - 
================================================================================
DAG File Processing Stats

File Path                              PID  Runtime      # DAGs    # Errors  Last Runtime    Last Run
-----------------------------------  -----  ---------  --------  ----------  --------------  -------------------
/opt/airflow/dags/etl_dag.py                                  0           1  1.14s           2024-06-07T14:39:31
/opt/airflow/dags/hello_dag_test.py                           0           0
/opt/airflow/dags/test-dag.py          160  1.09s             0           0
================================================================================
[2024-06-07T14:40:01.934+0000] {manager.py:878} INFO - 
================================================================================
DAG File Processing Stats

File Path                            PID    Runtime      # DAGs    # Errors  Last Runtime    Last Run
-----------------------------------  -----  ---------  --------  ----------  --------------  -------------------
/opt/airflow/dags/test-dag.py                                 1           0  1.70s           2024-06-07T14:39:58
/opt/airflow/dags/hello_dag_test.py                           1           0  1.62s           2024-06-07T14:39:58
/opt/airflow/dags/etl_dag.py                                  0           1  0.65s           2024-06-07T14:39:52
================================================================================
[2024-06-07T14:40:32.609+0000] {manager.py:878} INFO - 
================================================================================
DAG File Processing Stats

File Path                            PID    Runtime      # DAGs    # Errors  Last Runtime    Last Run
-----------------------------------  -----  ---------  --------  ----------  --------------  -------------------
/opt/airflow/dags/hello_dag_test.py                           1           0  2.81s           2024-06-07T14:40:23
/opt/airflow/dags/test-dag.py                                 1           0  2.76s           2024-06-07T14:40:23
/opt/airflow/dags/etl_dag.py                                  0           1  1.19s           2024-06-07T14:40:25
================================================================================
[2024-06-07T14:41:02.855+0000] {manager.py:878} INFO - 
================================================================================
DAG File Processing Stats

File Path                            PID    Runtime      # DAGs    # Errors  Last Runtime    Last Run
-----------------------------------  -----  ---------  --------  ----------  --------------  -------------------
/opt/airflow/dags/test-dag.py                                 1           0  14.64s          2024-06-07T14:41:01
/opt/airflow/dags/hello_dag_test.py                           1           0  11.61s          2024-06-07T14:41:01
/opt/airflow/dags/etl_dag.py                                  0           1  0.46s           2024-06-07T14:41:02
================================================================================
[2024-06-07T14:41:33.384+0000] {manager.py:878} INFO - 
================================================================================
DAG File Processing Stats

File Path                            PID    Runtime      # DAGs    # Errors  Last Runtime    Last Run
-----------------------------------  -----  ---------  --------  ----------  --------------  -------------------
/opt/airflow/dags/hello_dag_test.py                           1           0  1.54s           2024-06-07T14:41:25
/opt/airflow/dags/test-dag.py                                 1           0  1.38s           2024-06-07T14:41:25
/opt/airflow/dags/etl_dag.py                                  0           1  0.35s           2024-06-07T14:41:25
================================================================================
[2024-06-07T14:42:03.959+0000] {manager.py:878} INFO - 
================================================================================
DAG File Processing Stats

File Path                            PID    Runtime      # DAGs    # Errors  Last Runtime    Last Run
-----------------------------------  -----  ---------  --------  ----------  --------------  -------------------
/opt/airflow/dags/hello_dag_test.py                           1           0  0.25s           2024-06-07T14:41:57
/opt/airflow/dags/test-dag.py                                 1           0  0.21s           2024-06-07T14:41:57
/opt/airflow/dags/etl_dag.py                                  0           1  0.14s           2024-06-07T14:41:57
================================================================================
[2024-06-07T14:42:34.009+0000] {manager.py:878} INFO - 
================================================================================
DAG File Processing Stats

File Path                            PID    Runtime      # DAGs    # Errors  Last Runtime    Last Run
-----------------------------------  -----  ---------  --------  ----------  --------------  -------------------
/opt/airflow/dags/test-dag.py                                 1           0  1.77s           2024-06-07T14:42:31
/opt/airflow/dags/hello_dag_test.py                           1           0  1.71s           2024-06-07T14:42:32
/opt/airflow/dags/etl_dag.py                                  0           1  0.98s           2024-06-07T14:42:30
================================================================================
[2024-06-07T14:43:04.161+0000] {manager.py:878} INFO - 
================================================================================
DAG File Processing Stats

File Path                            PID    Runtime      # DAGs    # Errors  Last Runtime    Last Run
-----------------------------------  -----  ---------  --------  ----------  --------------  -------------------
/opt/airflow/dags/test-dag.py                                 1           0  5.76s           2024-06-07T14:42:58
/opt/airflow/dags/hello_dag_test.py                           1           0  4.73s           2024-06-07T14:42:58
/opt/airflow/dags/etl_dag.py                                  0           1  0.16s           2024-06-07T14:43:03
================================================================================
[2024-06-07T14:43:34.360+0000] {manager.py:878} INFO - 
================================================================================
DAG File Processing Stats

File Path                              PID  Runtime      # DAGs    # Errors  Last Runtime    Last Run
-----------------------------------  -----  ---------  --------  ----------  --------------  -------------------
/opt/airflow/dags/test-dag.py                                 1           0  0.60s           2024-06-07T14:43:30
/opt/airflow/dags/hello_dag_test.py                           1           0  0.54s           2024-06-07T14:43:30
/opt/airflow/dags/etl_dag.py           468  0.00s             0           1  0.14s           2024-06-07T14:43:23
================================================================================
[2024-06-07T14:44:04.423+0000] {manager.py:878} INFO - 
================================================================================
DAG File Processing Stats

File Path                              PID  Runtime      # DAGs    # Errors  Last Runtime    Last Run
-----------------------------------  -----  ---------  --------  ----------  --------------  -------------------
/opt/airflow/dags/test-dag.py          503  0.02s             1           0  3.44s           2024-06-07T14:43:54
/opt/airflow/dags/hello_dag_test.py    504  0.00s             1           0  3.43s           2024-06-07T14:43:54
/opt/airflow/dags/etl_dag.py                                  0           1  0.15s           2024-06-07T14:43:57
================================================================================
[2024-06-07T14:44:28.869+0000] {manager.py:452} INFO - Exiting gracefully upon receiving signal 15
